{"numTotalTestSuites":2,"numPassedTestSuites":0,"numFailedTestSuites":2,"numPendingTestSuites":0,"numTotalTests":4,"numPassedTests":0,"numFailedTests":4,"numPendingTests":0,"numTodoTests":0,"snapshot":{"added":0,"failure":false,"filesAdded":0,"filesRemoved":0,"filesRemovedList":[],"filesUnmatched":0,"filesUpdated":0,"matched":0,"total":0,"unchecked":0,"uncheckedKeysByFile":[],"unmatched":0,"updated":0,"didUpdate":false},"startTime":1772022130922,"success":false,"testResults":[{"assertionResults":[{"ancestorTitles":["SignInForm Component"],"fullName":"SignInForm Component should render the login form correctly","status":"failed","title":"should render the login form correctly","duration":46.392199999999775,"failureMessages":["Error: Element type is invalid: expected a string (for built-in components) or a class/function (for composite components) but got: undefined. You likely forgot to export your component from the file it's defined in, or you might have mixed up default and named imports.\n\nCheck the render method of `SignInForm`.\n    at createFiberFromTypeAndProps (D:\\ConnectCare+\\TailAdmin-1.0.0\\node_modules\\react-dom\\cjs\\react-dom.development.js:28478:17)\n    at createFiberFromElement (D:\\ConnectCare+\\TailAdmin-1.0.0\\node_modules\\react-dom\\cjs\\react-dom.development.js:28504:15)\n    at createChild (D:\\ConnectCare+\\TailAdmin-1.0.0\\node_modules\\react-dom\\cjs\\react-dom.development.js:13345:28)\n    at reconcileChildrenArray (D:\\ConnectCare+\\TailAdmin-1.0.0\\node_modules\\react-dom\\cjs\\react-dom.development.js:13640:25)\n    at reconcileChildFibers (D:\\ConnectCare+\\TailAdmin-1.0.0\\node_modules\\react-dom\\cjs\\react-dom.development.js:14057:16)\n    at reconcileChildren (D:\\ConnectCare+\\TailAdmin-1.0.0\\node_modules\\react-dom\\cjs\\react-dom.development.js:19186:28)\n    at updateHostComponent (D:\\ConnectCare+\\TailAdmin-1.0.0\\node_modules\\react-dom\\cjs\\react-dom.development.js:19953:3)\n    at beginWork (D:\\ConnectCare+\\TailAdmin-1.0.0\\node_modules\\react-dom\\cjs\\react-dom.development.js:21657:14)\n    at beginWork$1 (D:\\ConnectCare+\\TailAdmin-1.0.0\\node_modules\\react-dom\\cjs\\react-dom.development.js:27465:14)\n    at performUnitOfWork (D:\\ConnectCare+\\TailAdmin-1.0.0\\node_modules\\react-dom\\cjs\\react-dom.development.js:26599:12)"],"meta":{}},{"ancestorTitles":["SignInForm Component"],"fullName":"SignInForm Component should toggle role selection","status":"failed","title":"should toggle role selection","duration":9.922199999999975,"failureMessages":["Error: Element type is invalid: expected a string (for built-in components) or a class/function (for composite components) but got: undefined. You likely forgot to export your component from the file it's defined in, or you might have mixed up default and named imports.\n\nCheck the render method of `SignInForm`.\n    at createFiberFromTypeAndProps (D:\\ConnectCare+\\TailAdmin-1.0.0\\node_modules\\react-dom\\cjs\\react-dom.development.js:28478:17)\n    at createFiberFromElement (D:\\ConnectCare+\\TailAdmin-1.0.0\\node_modules\\react-dom\\cjs\\react-dom.development.js:28504:15)\n    at createChild (D:\\ConnectCare+\\TailAdmin-1.0.0\\node_modules\\react-dom\\cjs\\react-dom.development.js:13345:28)\n    at reconcileChildrenArray (D:\\ConnectCare+\\TailAdmin-1.0.0\\node_modules\\react-dom\\cjs\\react-dom.development.js:13640:25)\n    at reconcileChildFibers (D:\\ConnectCare+\\TailAdmin-1.0.0\\node_modules\\react-dom\\cjs\\react-dom.development.js:14057:16)\n    at reconcileChildren (D:\\ConnectCare+\\TailAdmin-1.0.0\\node_modules\\react-dom\\cjs\\react-dom.development.js:19186:28)\n    at updateHostComponent (D:\\ConnectCare+\\TailAdmin-1.0.0\\node_modules\\react-dom\\cjs\\react-dom.development.js:19953:3)\n    at beginWork (D:\\ConnectCare+\\TailAdmin-1.0.0\\node_modules\\react-dom\\cjs\\react-dom.development.js:21657:14)\n    at beginWork$1 (D:\\ConnectCare+\\TailAdmin-1.0.0\\node_modules\\react-dom\\cjs\\react-dom.development.js:27465:14)\n    at performUnitOfWork (D:\\ConnectCare+\\TailAdmin-1.0.0\\node_modules\\react-dom\\cjs\\react-dom.development.js:26599:12)"],"meta":{}},{"ancestorTitles":["SignInForm Component"],"fullName":"SignInForm Component should show error on failed login","status":"failed","title":"should show error on failed login","duration":9.237900000000081,"failureMessages":["Error: Element type is invalid: expected a string (for built-in components) or a class/function (for composite components) but got: undefined. You likely forgot to export your component from the file it's defined in, or you might have mixed up default and named imports.\n\nCheck the render method of `SignInForm`.\n    at createFiberFromTypeAndProps (D:\\ConnectCare+\\TailAdmin-1.0.0\\node_modules\\react-dom\\cjs\\react-dom.development.js:28478:17)\n    at createFiberFromElement (D:\\ConnectCare+\\TailAdmin-1.0.0\\node_modules\\react-dom\\cjs\\react-dom.development.js:28504:15)\n    at createChild (D:\\ConnectCare+\\TailAdmin-1.0.0\\node_modules\\react-dom\\cjs\\react-dom.development.js:13345:28)\n    at reconcileChildrenArray (D:\\ConnectCare+\\TailAdmin-1.0.0\\node_modules\\react-dom\\cjs\\react-dom.development.js:13640:25)\n    at reconcileChildFibers (D:\\ConnectCare+\\TailAdmin-1.0.0\\node_modules\\react-dom\\cjs\\react-dom.development.js:14057:16)\n    at reconcileChildren (D:\\ConnectCare+\\TailAdmin-1.0.0\\node_modules\\react-dom\\cjs\\react-dom.development.js:19186:28)\n    at updateHostComponent (D:\\ConnectCare+\\TailAdmin-1.0.0\\node_modules\\react-dom\\cjs\\react-dom.development.js:19953:3)\n    at beginWork (D:\\ConnectCare+\\TailAdmin-1.0.0\\node_modules\\react-dom\\cjs\\react-dom.development.js:21657:14)\n    at beginWork$1 (D:\\ConnectCare+\\TailAdmin-1.0.0\\node_modules\\react-dom\\cjs\\react-dom.development.js:27465:14)\n    at performUnitOfWork (D:\\ConnectCare+\\TailAdmin-1.0.0\\node_modules\\react-dom\\cjs\\react-dom.development.js:26599:12)"],"meta":{}},{"ancestorTitles":["SignInForm Component"],"fullName":"SignInForm Component should login successfully and save token","status":"failed","title":"should login successfully and save token","duration":7.899699999999939,"failureMessages":["Error: Element type is invalid: expected a string (for built-in components) or a class/function (for composite components) but got: undefined. You likely forgot to export your component from the file it's defined in, or you might have mixed up default and named imports.\n\nCheck the render method of `SignInForm`.\n    at createFiberFromTypeAndProps (D:\\ConnectCare+\\TailAdmin-1.0.0\\node_modules\\react-dom\\cjs\\react-dom.development.js:28478:17)\n    at createFiberFromElement (D:\\ConnectCare+\\TailAdmin-1.0.0\\node_modules\\react-dom\\cjs\\react-dom.development.js:28504:15)\n    at createChild (D:\\ConnectCare+\\TailAdmin-1.0.0\\node_modules\\react-dom\\cjs\\react-dom.development.js:13345:28)\n    at reconcileChildrenArray (D:\\ConnectCare+\\TailAdmin-1.0.0\\node_modules\\react-dom\\cjs\\react-dom.development.js:13640:25)\n    at reconcileChildFibers (D:\\ConnectCare+\\TailAdmin-1.0.0\\node_modules\\react-dom\\cjs\\react-dom.development.js:14057:16)\n    at reconcileChildren (D:\\ConnectCare+\\TailAdmin-1.0.0\\node_modules\\react-dom\\cjs\\react-dom.development.js:19186:28)\n    at updateHostComponent (D:\\ConnectCare+\\TailAdmin-1.0.0\\node_modules\\react-dom\\cjs\\react-dom.development.js:19953:3)\n    at beginWork (D:\\ConnectCare+\\TailAdmin-1.0.0\\node_modules\\react-dom\\cjs\\react-dom.development.js:21657:14)\n    at beginWork$1 (D:\\ConnectCare+\\TailAdmin-1.0.0\\node_modules\\react-dom\\cjs\\react-dom.development.js:27465:14)\n    at performUnitOfWork (D:\\ConnectCare+\\TailAdmin-1.0.0\\node_modules\\react-dom\\cjs\\react-dom.development.js:26599:12)"],"meta":{}}],"startTime":1772022134255,"endTime":1772022134328.8997,"status":"failed","message":"","name":"D:/ConnectCare+/TailAdmin-1.0.0/src/tests/SignInForm.test.tsx"}]}
